Copyright 1986-2022 Xilinx, Inc. All Rights Reserved.
---------------------------------------------------------------------------------------------------------------------------------------------------------------------------------------------------------------------------
| Tool Version : Vivado v.2022.1 (lin64) Build 3526262 Mon Apr 18 15:47:01 MDT 2022
| Date         : Thu Sep 22 13:24:56 2022
| Host         : luffy running 64-bit Arch Linux
| Command      : report_timing_summary -max_paths 10 -report_unconstrained -file half_adder_timing_summary_routed.rpt -pb half_adder_timing_summary_routed.pb -rpx half_adder_timing_summary_routed.rpx -warn_on_violation
| Design       : half_adder
| Device       : 7a100t-csg324
| Speed File   : -1  PRODUCTION 1.23 2018-06-13
---------------------------------------------------------------------------------------------------------------------------------------------------------------------------------------------------------------------------

Timing Summary Report

------------------------------------------------------------------------------------------------
| Timer Settings
| --------------
------------------------------------------------------------------------------------------------

  Enable Multi Corner Analysis               :  Yes
  Enable Pessimism Removal                   :  Yes
  Pessimism Removal Resolution               :  Nearest Common Node
  Enable Input Delay Default Clock           :  No
  Enable Preset / Clear Arcs                 :  No
  Disable Flight Delays                      :  No
  Ignore I/O Paths                           :  No
  Timing Early Launch at Borrowing Latches   :  No
  Borrow Time for Max Delay Exceptions       :  Yes
  Merge Timing Exceptions                    :  Yes

  Corner  Analyze    Analyze    
  Name    Max Paths  Min Paths  
  ------  ---------  ---------  
  Slow    Yes        Yes        
  Fast    Yes        Yes        


------------------------------------------------------------------------------------------------
| Report Methodology
| ------------------
------------------------------------------------------------------------------------------------

Rule  Severity  Description  Violations  
----  --------  -----------  ----------  

Note: This report is based on the most recent report_methodology run and may not be up-to-date. Run report_methodology on the current design for the latest report.



check_timing report

Table of Contents
-----------------
1. checking no_clock (0)
2. checking constant_clock (0)
3. checking pulse_width_clock (0)
4. checking unconstrained_internal_endpoints (0)
5. checking no_input_delay (0)
6. checking no_output_delay (0)
7. checking multiple_clock (0)
8. checking generated_clocks (0)
9. checking loops (0)
10. checking partial_input_delay (0)
11. checking partial_output_delay (0)
12. checking latch_loops (0)

1. checking no_clock (0)
------------------------
 There are 0 register/latch pins with no clock.


2. checking constant_clock (0)
------------------------------
 There are 0 register/latch pins with constant_clock.


3. checking pulse_width_clock (0)
---------------------------------
 There are 0 register/latch pins which need pulse_width check


4. checking unconstrained_internal_endpoints (0)
------------------------------------------------
 There are 0 pins that are not constrained for maximum delay.

 There are 0 pins that are not constrained for maximum delay due to constant clock.


5. checking no_input_delay (0)
------------------------------
 There are 0 input ports with no input delay specified.

 There are 0 input ports with no input delay but user has a false path constraint.


6. checking no_output_delay (0)
-------------------------------
 There are 0 ports with no output delay specified.

 There are 0 ports with no output delay but user has a false path constraint

 There are 0 ports with no output delay but with a timing clock defined on it or propagating through it


7. checking multiple_clock (0)
------------------------------
 There are 0 register/latch pins with multiple clocks.


8. checking generated_clocks (0)
--------------------------------
 There are 0 generated clocks that are not connected to a clock source.


9. checking loops (0)
---------------------
 There are 0 combinational loops in the design.


10. checking partial_input_delay (0)
------------------------------------
 There are 0 input ports with partial input delay specified.


11. checking partial_output_delay (0)
-------------------------------------
 There are 0 ports with partial output delay specified.


12. checking latch_loops (0)
----------------------------
 There are 0 combinational latch loops in the design through latch input



------------------------------------------------------------------------------------------------
| Design Timing Summary
| ---------------------
------------------------------------------------------------------------------------------------

    WNS(ns)      TNS(ns)  TNS Failing Endpoints  TNS Total Endpoints      WHS(ns)      THS(ns)  THS Failing Endpoints  THS Total Endpoints     WPWS(ns)     TPWS(ns)  TPWS Failing Endpoints  TPWS Total Endpoints  
    -------      -------  ---------------------  -------------------      -------      -------  ---------------------  -------------------     --------     --------  ----------------------  --------------------  
        inf        0.000                      0                    2          inf        0.000                      0                    2           NA           NA                      NA                    NA  


There are no user specified timing constraints.


------------------------------------------------------------------------------------------------
| Clock Summary
| -------------
------------------------------------------------------------------------------------------------


------------------------------------------------------------------------------------------------
| Intra Clock Table
| -----------------
------------------------------------------------------------------------------------------------

Clock             WNS(ns)      TNS(ns)  TNS Failing Endpoints  TNS Total Endpoints      WHS(ns)      THS(ns)  THS Failing Endpoints  THS Total Endpoints     WPWS(ns)     TPWS(ns)  TPWS Failing Endpoints  TPWS Total Endpoints  
-----             -------      -------  ---------------------  -------------------      -------      -------  ---------------------  -------------------     --------     --------  ----------------------  --------------------  


------------------------------------------------------------------------------------------------
| Inter Clock Table
| -----------------
------------------------------------------------------------------------------------------------

From Clock    To Clock          WNS(ns)      TNS(ns)  TNS Failing Endpoints  TNS Total Endpoints      WHS(ns)      THS(ns)  THS Failing Endpoints  THS Total Endpoints  
----------    --------          -------      -------  ---------------------  -------------------      -------      -------  ---------------------  -------------------  


------------------------------------------------------------------------------------------------
| Other Path Groups Table
| -----------------------
------------------------------------------------------------------------------------------------

Path Group    From Clock    To Clock          WNS(ns)      TNS(ns)  TNS Failing Endpoints  TNS Total Endpoints      WHS(ns)      THS(ns)  THS Failing Endpoints  THS Total Endpoints  
----------    ----------    --------          -------      -------  ---------------------  -------------------      -------      -------  ---------------------  -------------------  


------------------------------------------------------------------------------------------------
| User Ignored Path Table
| -----------------------
------------------------------------------------------------------------------------------------

Path Group    From Clock    To Clock    
----------    ----------    --------    


------------------------------------------------------------------------------------------------
| Unconstrained Path Table
| ------------------------
------------------------------------------------------------------------------------------------

Path Group    From Clock    To Clock    
----------    ----------    --------    
(none)                                    


------------------------------------------------------------------------------------------------
| Timing Details
| --------------
------------------------------------------------------------------------------------------------


--------------------------------------------------------------------------------------
Path Group:  (none)
From Clock:  
  To Clock:  

Max Delay             2 Endpoints
Min Delay             2 Endpoints
--------------------------------------------------------------------------------------


Max Delay Paths
--------------------------------------------------------------------------------------
Slack:                    inf
  Source:                 B_in
                            (input port)
  Destination:            Carry_out
                            (output port)
  Path Group:             (none)
  Path Type:              Max at Slow Process Corner
  Data Path Delay:        6.796ns  (logic 4.027ns (59.246%)  route 2.770ns (40.754%))
  Logic Levels:           3  (IBUF=1 LUT2=1 OBUF=1)

    Location             Delay type                Incr(ns)  Path(ns)    Netlist Resource(s)
  -------------------------------------------------------------------    -------------------
    T10                                               0.000     0.000 r  B_in (IN)
                         net (fo=0)                   0.000     0.000    B_in
    T10                  IBUF (Prop_ibuf_I_O)         1.007     1.007 r  B_in_IBUF_inst/O
                         net (fo=2, routed)           1.070     2.077    B_in_IBUF
    SLICE_X0Y51          LUT2 (Prop_lut2_I1_O)        0.150     2.227 r  Carry_out_OBUF_inst_i_1/O
                         net (fo=1, routed)           1.700     3.927    Carry_out_OBUF
    T9                   OBUF (Prop_obuf_I_O)         2.869     6.796 r  Carry_out_OBUF_inst/O
                         net (fo=0)                   0.000     6.796    Carry_out
    T9                                                                r  Carry_out (OUT)
  -------------------------------------------------------------------    -------------------

Slack:                    inf
  Source:                 B_in
                            (input port)
  Destination:            Sum_out
                            (output port)
  Path Group:             (none)
  Path Type:              Max at Slow Process Corner
  Data Path Delay:        6.519ns  (logic 3.778ns (57.951%)  route 2.741ns (42.049%))
  Logic Levels:           3  (IBUF=1 LUT2=1 OBUF=1)

    Location             Delay type                Incr(ns)  Path(ns)    Netlist Resource(s)
  -------------------------------------------------------------------    -------------------
    T10                                               0.000     0.000 r  B_in (IN)
                         net (fo=0)                   0.000     0.000    B_in
    T10                  IBUF (Prop_ibuf_I_O)         1.007     1.007 r  B_in_IBUF_inst/O
                         net (fo=2, routed)           1.070     2.077    B_in_IBUF
    SLICE_X0Y51          LUT2 (Prop_lut2_I0_O)        0.124     2.201 r  Sum_out_OBUF_inst_i_1/O
                         net (fo=1, routed)           1.671     3.872    Sum_out_OBUF
    U13                  OBUF (Prop_obuf_I_O)         2.646     6.519 r  Sum_out_OBUF_inst/O
                         net (fo=0)                   0.000     6.519    Sum_out
    U13                                                               r  Sum_out (OUT)
  -------------------------------------------------------------------    -------------------





Min Delay Paths
--------------------------------------------------------------------------------------
Slack:                    inf
  Source:                 A_in
                            (input port)
  Destination:            Sum_out
                            (output port)
  Path Group:             (none)
  Path Type:              Min at Fast Process Corner
  Data Path Delay:        2.155ns  (logic 1.422ns (65.989%)  route 0.733ns (34.011%))
  Logic Levels:           3  (IBUF=1 LUT2=1 OBUF=1)

    Location             Delay type                Incr(ns)  Path(ns)    Netlist Resource(s)
  -------------------------------------------------------------------    -------------------
    R10                                               0.000     0.000 r  A_in (IN)
                         net (fo=0)                   0.000     0.000    A_in
    R10                  IBUF (Prop_ibuf_I_O)         0.214     0.214 r  A_in_IBUF_inst/O
                         net (fo=2, routed)           0.391     0.605    A_in_IBUF
    SLICE_X0Y51          LUT2 (Prop_lut2_I1_O)        0.045     0.650 r  Sum_out_OBUF_inst_i_1/O
                         net (fo=1, routed)           0.342     0.992    Sum_out_OBUF
    U13                  OBUF (Prop_obuf_I_O)         1.163     2.155 r  Sum_out_OBUF_inst/O
                         net (fo=0)                   0.000     2.155    Sum_out
    U13                                                               r  Sum_out (OUT)
  -------------------------------------------------------------------    -------------------

Slack:                    inf
  Source:                 A_in
                            (input port)
  Destination:            Carry_out
                            (output port)
  Path Group:             (none)
  Path Type:              Min at Fast Process Corner
  Data Path Delay:        2.247ns  (logic 1.508ns (67.117%)  route 0.739ns (32.883%))
  Logic Levels:           3  (IBUF=1 LUT2=1 OBUF=1)

    Location             Delay type                Incr(ns)  Path(ns)    Netlist Resource(s)
  -------------------------------------------------------------------    -------------------
    R10                                               0.000     0.000 r  A_in (IN)
                         net (fo=0)                   0.000     0.000    A_in
    R10                  IBUF (Prop_ibuf_I_O)         0.214     0.214 r  A_in_IBUF_inst/O
                         net (fo=2, routed)           0.391     0.605    A_in_IBUF
    SLICE_X0Y51          LUT2 (Prop_lut2_I0_O)        0.048     0.653 r  Carry_out_OBUF_inst_i_1/O
                         net (fo=1, routed)           0.348     1.001    Carry_out_OBUF
    T9                   OBUF (Prop_obuf_I_O)         1.246     2.247 r  Carry_out_OBUF_inst/O
                         net (fo=0)                   0.000     2.247    Carry_out
    T9                                                                r  Carry_out (OUT)
  -------------------------------------------------------------------    -------------------





